Start testing: Nov 10 11:37 GMT
----------------------------------------------------------
1/1 Testing: ExampleTests
1/1 Test: ExampleTests
Command: "/home/kai/googletesting/out/build/test/ExampleTests"
Directory: /home/kai/googletesting/out/build/test
"ExampleTests" start time: Nov 10 11:37 GMT
Output:
----------------------------------------------------------
Running main() from /home/kai/googletesting/googletest/googletest/src/gtest_main.cc
[==========] Running 1 test from 1 test suite.
[----------] Global test environment set-up.
[----------] 1 test from ExampleTests
[ RUN      ] ExampleTests.DemonstrateGTestMacros
[       OK ] ExampleTests.DemonstrateGTestMacros (0 ms)
[----------] 1 test from ExampleTests (0 ms total)

[----------] Global test environment tear-down
[==========] 1 test from 1 test suite ran. (0 ms total)
[  PASSED  ] 1 test.
<end of output>
Test time =   0.00 sec
----------------------------------------------------------
Test Passed.
"ExampleTests" end time: Nov 10 11:37 GMT
"ExampleTests" time elapsed: 00:00:00
----------------------------------------------------------

End testing: Nov 10 11:37 GMT
